0 verbose cli C:\Program Files\nodejs\node.exe C:\Program Files\nodejs\node_modules\npm\bin\npm-cli.js
1 info using npm@10.9.3
2 info using node@v22.19.0
3 silly config load:file:C:\Program Files\nodejs\node_modules\npm\npmrc
4 silly config load:file:C:\Users\HomePC\Desktop\perfume backend\.npmrc
5 silly config load:file:C:\Users\HomePC\.npmrc
6 silly config load:file:C:\Users\HomePC\AppData\Roaming\npm\etc\npmrc
7 verbose title npm i passport-google-oauth20
8 verbose argv "i" "passport-google-oauth20"
9 verbose logfile logs-max:10 dir:C:\Users\HomePC\Desktop\perfume backend\verify\_logs\2026-02-28T10_36_13_609Z-
10 verbose logfile C:\Users\HomePC\Desktop\perfume backend\verify\_logs\2026-02-28T10_36_13_609Z-debug-0.log
11 silly logfile start cleaning logs, removing 1 files
12 silly logfile done cleaning log files
13 silly packumentCache heap:2197815296 maxSize:549453824 maxEntrySize:274726912
14 silly idealTree buildDeps
15 silly fetch manifest passport-google-oauth20@*
16 silly packumentCache full:https://registry.npmjs.org/passport-google-oauth20 cache-miss
17 http fetch GET https://registry.npmjs.org/passport-google-oauth20 attempt 1 failed with ETIMEDOUT
18 http fetch GET 200 https://registry.npmjs.org/passport-google-oauth20 44263ms attempt #2 (cache miss)
19 silly packumentCache full:https://registry.npmjs.org/passport-google-oauth20 set size:undefined disposed:false
20 silly placeDep ROOT passport-google-oauth20@2.0.0 OK for: perfume-backend@1.0.0 want: *
21 silly fetch manifest passport-oauth2@1.x.x
22 silly packumentCache full:https://registry.npmjs.org/passport-oauth2 cache-miss
23 http fetch GET 200 https://registry.npmjs.org/passport-oauth2 328ms (cache miss)
24 silly packumentCache full:https://registry.npmjs.org/passport-oauth2 set size:undefined disposed:false
25 silly placeDep ROOT passport-oauth2@1.8.0 OK for: passport-google-oauth20@2.0.0 want: 1.x.x
26 silly fetch manifest base64url@3.x.x
27 silly packumentCache full:https://registry.npmjs.org/base64url cache-miss
28 silly fetch manifest oauth@0.10.x
29 silly packumentCache full:https://registry.npmjs.org/oauth cache-miss
30 silly fetch manifest uid2@0.0.x
31 silly packumentCache full:https://registry.npmjs.org/uid2 cache-miss
32 http fetch GET 200 https://registry.npmjs.org/oauth 4008ms (cache miss)
33 silly packumentCache full:https://registry.npmjs.org/oauth set size:undefined disposed:false
34 http fetch GET 200 https://registry.npmjs.org/uid2 4563ms (cache miss)
35 silly packumentCache full:https://registry.npmjs.org/uid2 set size:undefined disposed:false
36 http fetch GET 200 https://registry.npmjs.org/base64url 4611ms (cache miss)
37 silly packumentCache full:https://registry.npmjs.org/base64url set size:undefined disposed:false
38 silly placeDep ROOT base64url@3.0.1 OK for: passport-oauth2@1.8.0 want: 3.x.x
39 silly placeDep ROOT oauth@0.10.2 OK for: passport-oauth2@1.8.0 want: 0.10.x
40 silly placeDep ROOT uid2@0.0.4 OK for: passport-oauth2@1.8.0 want: 0.0.x
41 silly reify moves {}
42 silly audit bulk request {
42 silly audit   '@mongodb-js/saslprep': [ '1.4.5' ],
42 silly audit   '@types/webidl-conversions': [ '7.0.3' ],
42 silly audit   '@types/whatwg-url': [ '13.0.0' ],
42 silly audit   accepts: [ '2.0.0' ],
42 silly audit   anymatch: [ '3.1.3' ],
42 silly audit   'append-field': [ '1.0.0' ],
42 silly audit   asynckit: [ '0.4.0' ],
42 silly audit   axios: [ '1.13.5' ],
42 silly audit   'balanced-match': [ '1.0.2' ],
42 silly audit   bcryptjs: [ '3.0.3' ],
42 silly audit   'binary-extensions': [ '2.3.0' ],
42 silly audit   'body-parser': [ '2.2.2' ],
42 silly audit   'brace-expansion': [ '1.1.12' ],
42 silly audit   braces: [ '3.0.3' ],
42 silly audit   bson: [ '7.1.1' ],
42 silly audit   'buffer-equal-constant-time': [ '1.0.1' ],
42 silly audit   'buffer-from': [ '1.1.2' ],
42 silly audit   busboy: [ '1.6.0' ],
42 silly audit   bytes: [ '3.1.2' ],
42 silly audit   'call-bind-apply-helpers': [ '1.0.2' ],
42 silly audit   'call-bound': [ '1.0.4' ],
42 silly audit   chokidar: [ '3.6.0' ],
42 silly audit   cloudinary: [ '1.41.3' ],
42 silly audit   'cloudinary-core': [ '2.14.1' ],
42 silly audit   'combined-stream': [ '1.0.8' ],
42 silly audit   'concat-map': [ '0.0.1' ],
42 silly audit   'concat-stream': [ '2.0.0' ],
42 silly audit   'content-disposition': [ '1.0.1' ],
42 silly audit   'content-type': [ '1.0.5' ],
42 silly audit   cookie: [ '0.7.2' ],
42 silly audit   'cookie-signature': [ '1.2.2' ],
42 silly audit   'core-js': [ '3.48.0' ],
42 silly audit   cors: [ '2.8.6' ],
42 silly audit   crypto: [ '1.0.1' ],
42 silly audit   debug: [ '4.4.3' ],
42 silly audit   'delayed-stream': [ '1.0.0' ],
42 silly audit   depd: [ '2.0.0' ],
42 silly audit   dotenv: [ '17.2.3' ],
42 silly audit   'dunder-proto': [ '1.0.1' ],
42 silly audit   'ecdsa-sig-formatter': [ '1.0.11' ],
42 silly audit   'ee-first': [ '1.1.1' ],
42 silly audit   encodeurl: [ '2.0.0' ],
42 silly audit   'es-define-property': [ '1.0.1' ],
42 silly audit   'es-errors': [ '1.3.0' ],
42 silly audit   'es-object-atoms': [ '1.1.1' ],
42 silly audit   'es-set-tostringtag': [ '2.1.0' ],
42 silly audit   'escape-html': [ '1.0.3' ],
42 silly audit   etag: [ '1.8.1' ],
42 silly audit   express: [ '5.2.1' ],
42 silly audit   'fill-range': [ '7.1.1' ],
42 silly audit   finalhandler: [ '2.1.1' ],
42 silly audit   'follow-redirects': [ '1.15.11' ],
42 silly audit   'form-data': [ '4.0.5' ],
42 silly audit   'mime-db': [ '1.52.0', '1.54.0' ],
42 silly audit   'mime-types': [ '2.1.35', '3.0.2' ],
42 silly audit   forwarded: [ '0.2.0' ],
42 silly audit   fresh: [ '2.0.0' ],
42 silly audit   fsevents: [ '2.3.3' ],
42 silly audit   'function-bind': [ '1.1.2' ],
42 silly audit   'get-intrinsic': [ '1.3.0' ],
42 silly audit   'get-proto': [ '1.0.1' ],
42 silly audit   'glob-parent': [ '5.1.2' ],
42 silly audit   gopd: [ '1.2.0' ],
42 silly audit   'has-flag': [ '3.0.0' ],
42 silly audit   'has-symbols': [ '1.1.0' ],
42 silly audit   'has-tostringtag': [ '1.0.2' ],
42 silly audit   hasown: [ '2.0.2' ],
42 silly audit   'http-errors': [ '2.0.1' ],
42 silly audit   'iconv-lite': [ '0.7.2' ],
42 silly audit   'ignore-by-default': [ '1.0.1' ],
42 silly audit   inherits: [ '2.0.4' ],
42 silly audit   'ipaddr.js': [ '1.9.1' ],
42 silly audit   'is-binary-path': [ '2.1.0' ],
42 silly audit   'is-extglob': [ '2.1.1' ],
42 silly audit   'is-glob': [ '4.0.3' ],
42 silly audit   'is-number': [ '7.0.0' ],
42 silly audit   'is-promise': [ '4.0.0' ],
42 silly audit   jsonwebtoken: [ '9.0.3' ],
42 silly audit   jwa: [ '2.0.1' ],
42 silly audit   jws: [ '4.0.1' ],
42 silly audit   kareem: [ '3.0.0' ],
42 silly audit   lodash: [ '4.17.23' ],
42 silly audit   'lodash.includes': [ '4.3.0' ],
42 silly audit   'lodash.isboolean': [ '3.0.3' ],
42 silly audit   'lodash.isinteger': [ '4.0.4' ],
42 silly audit   'lodash.isnumber': [ '3.0.3' ],
42 silly audit   'lodash.isplainobject': [ '4.0.6' ],
42 silly audit   'lodash.isstring': [ '4.0.1' ],
42 silly audit   'lodash.once': [ '4.1.1' ],
42 silly audit   'math-intrinsics': [ '1.1.0' ],
42 silly audit   'media-typer': [ '1.1.0', '0.3.0' ],
42 silly audit   'memory-pager': [ '1.5.0' ],
42 silly audit   'merge-descriptors': [ '2.0.0' ],
42 silly audit   minimatch: [ '3.1.2' ],
42 silly audit   minimist: [ '1.2.8' ],
42 silly audit   mkdirp: [ '0.5.6' ],
42 silly audit   mogodb: [ '0.0.1-security' ],
42 silly audit   mongodb: [ '7.0.0' ],
42 silly audit   'mongodb-connection-string-url': [ '7.0.0' ],
42 silly audit   mongoose: [ '9.1.5' ],
42 silly audit   mpath: [ '0.9.0' ],
42 silly audit   mquery: [ '6.0.0' ],
42 silly audit   ms: [ '2.1.3' ],
42 silly audit   multer: [ '2.0.2' ],
42 silly audit   'multer-storage-cloudinary': [ '4.0.0' ],
42 silly audit   'type-is': [ '1.6.18', '2.0.1' ],
42 silly audit   negotiator: [ '1.0.0' ],
42 silly audit   nodemon: [ '3.1.11' ],
42 silly audit   'normalize-path': [ '3.0.0' ],
42 silly audit   'object-assign': [ '4.1.1' ],
42 silly audit   'object-inspect': [ '1.13.4' ],
42 silly audit   'on-finished': [ '2.4.1' ],
42 silly audit   once: [ '1.4.0' ],
42 silly audit   parseurl: [ '1.3.3' ],
42 silly audit   passport: [ '0.7.0' ],
42 silly audit   'passport-strategy': [ '1.0.0' ],
42 silly audit   'path-to-regexp': [ '8.3.0' ],
42 silly audit   pause: [ '0.0.1' ],
42 silly audit   picomatch: [ '2.3.1' ],
42 silly audit   'proxy-addr': [ '2.0.7' ],
42 silly audit   'proxy-from-env': [ '1.1.0' ],
42 silly audit   'pstree.remy': [ '1.1.8' ],
42 silly audit   punycode: [ '2.3.1' ],
42 silly audit   q: [ '1.5.1' ],
42 silly audit   qs: [ '6.14.1' ],
42 silly audit   'range-parser': [ '1.2.1' ],
42 silly audit   'raw-body': [ '3.0.2' ],
42 silly audit   'readable-stream': [ '3.6.2' ],
42 silly audit   readdirp: [ '3.6.0' ],
42 silly audit   router: [ '2.2.0' ],
42 silly audit   'safe-buffer': [ '5.2.1' ],
42 silly audit   'safer-buffer': [ '2.1.2' ],
42 silly audit   semver: [ '7.7.3' ],
42 silly audit   send: [ '1.2.1' ],
42 silly audit   'serve-static': [ '2.2.1' ],
42 silly audit   setprototypeof: [ '1.2.0' ],
42 silly audit   'side-channel': [ '1.1.0' ],
42 silly audit   'side-channel-list': [ '1.0.0' ],
42 silly audit   'side-channel-map': [ '1.0.1' ],
42 silly audit   'side-channel-weakmap': [ '1.0.2' ],
42 silly audit   sift: [ '17.1.3' ],
42 silly audit   'simple-update-notifier': [ '2.0.0' ],
42 silly audit   'sparse-bitfield': [ '3.0.3' ],
42 silly audit   statuses: [ '2.0.2' ],
42 silly audit   streamsearch: [ '1.1.0' ],
42 silly audit   string_decoder: [ '1.3.0' ],
42 silly audit   'supports-color': [ '5.5.0' ],
42 silly audit   'to-regex-range': [ '5.0.1' ],
42 silly audit   toidentifier: [ '1.0.1' ],
42 silly audit   touch: [ '3.1.1' ],
42 silly audit   tr46: [ '5.1.1' ],
42 silly audit   typedarray: [ '0.0.6' ],
42 silly audit   undefsafe: [ '2.0.5' ],
42 silly audit   unpipe: [ '1.0.0' ],
42 silly audit   'util-deprecate': [ '1.0.2' ],
42 silly audit   'utils-merge': [ '1.0.1' ],
42 silly audit   vary: [ '1.1.2' ],
42 silly audit   'webidl-conversions': [ '7.0.0' ],
42 silly audit   'whatwg-url': [ '14.2.0' ],
42 silly audit   wrappy: [ '1.0.2' ],
42 silly audit   xtend: [ '4.0.2' ],
42 silly audit   'passport-google-oauth20': [ '2.0.0' ],
42 silly audit   'passport-oauth2': [ '1.8.0' ],
42 silly audit   base64url: [ '3.0.1' ],
42 silly audit   oauth: [ '0.10.2' ],
42 silly audit   uid2: [ '0.0.4' ]
42 silly audit }
43 verbose reify failed optional dependency C:\Users\HomePC\Desktop\perfume backend\node_modules\fsevents
44 silly reify mark deleted [
44 silly reify   'C:\\Users\\HomePC\\Desktop\\perfume backend\\node_modules\\fsevents'
44 silly reify ]
45 http cache uid2@https://registry.npmjs.org/uid2/-/uid2-0.0.4.tgz 2ms (cache hit)
46 http cache oauth@https://registry.npmjs.org/oauth/-/oauth-0.10.2.tgz 0ms (cache hit)
47 http cache base64url@https://registry.npmjs.org/base64url/-/base64url-3.0.1.tgz 0ms (cache hit)
48 http cache passport-oauth2@https://registry.npmjs.org/passport-oauth2/-/passport-oauth2-1.8.0.tgz 0ms (cache hit)
49 http cache passport-google-oauth20@https://registry.npmjs.org/passport-google-oauth20/-/passport-google-oauth20-2.0.0.tgz 0ms (cache hit)
50 http fetch POST 200 https://registry.npmjs.org/-/npm/v1/security/advisories/bulk 935ms
51 silly audit report {
51 silly audit report   cloudinary: [
51 silly audit report     {
51 silly audit report       id: 1109723,
51 silly audit report       url: 'https://github.com/advisories/GHSA-g4mf-96x5-5m2c',
51 silly audit report       title: 'Cloudinary Node SDK is vulnerable to Arbitrary Argument Injection through parameters that include an ampersand',
51 silly audit report       severity: 'high',
51 silly audit report       vulnerable_versions: '<2.7.0',
51 silly audit report       cwe: [Array],
51 silly audit report       cvss: [Object]
51 silly audit report     }
51 silly audit report   ],
51 silly audit report   minimatch: [
51 silly audit report     {
51 silly audit report       id: 1113459,
51 silly audit report       url: 'https://github.com/advisories/GHSA-3ppc-4f35-3m26',
51 silly audit report       title: 'minimatch has a ReDoS via repeated wildcards with non-matching literal in pattern',
51 silly audit report       severity: 'high',
51 silly audit report       vulnerable_versions: '<3.1.3',
51 silly audit report       cwe: [Array],
51 silly audit report       cvss: [Object]
51 silly audit report     },
51 silly audit report     {
51 silly audit report       id: 1113538,
51 silly audit report       url: 'https://github.com/advisories/GHSA-7r86-cg39-jmmj',
51 silly audit report       title: 'minimatch has ReDoS: matchOne() combinatorial backtracking via multiple non-adjacent GLOBSTAR segments',
51 silly audit report       severity: 'high',
51 silly audit report       vulnerable_versions: '<3.1.3',
51 silly audit report       cwe: [Array],
51 silly audit report       cvss: [Object]
51 silly audit report     },
51 silly audit report     {
51 silly audit report       id: 1113546,
51 silly audit report       url: 'https://github.com/advisories/GHSA-23c5-xmqv-rm74',
51 silly audit report       title: 'minimatch ReDoS: nested *() extglobs generate catastrophically backtracking regular expressions',
51 silly audit report       severity: 'high',
51 silly audit report       vulnerable_versions: '<3.1.4',
51 silly audit report       cwe: [Array],
51 silly audit report       cvss: [Object]
51 silly audit report     }
51 silly audit report   ],
51 silly audit report   qs: [
51 silly audit report     {
51 silly audit report       id: 1113161,
51 silly audit report       url: 'https://github.com/advisories/GHSA-w7fw-mjwx-w883',
51 silly audit report       title: "qs's arrayLimit bypass in comma parsing allows denial of service",
51 silly audit report       severity: 'low',
51 silly audit report       vulnerable_versions: '>=6.7.0 <=6.14.1',
51 silly audit report       cwe: [Array],
51 silly audit report       cvss: [Object]
51 silly audit report     }
51 silly audit report   ]
51 silly audit report }
52 silly packumentCache corgi:https://registry.npmjs.org/cloudinary cache-miss
53 silly packumentCache corgi:https://registry.npmjs.org/minimatch cache-miss
54 silly packumentCache corgi:https://registry.npmjs.org/qs cache-miss
55 silly tarball no local data for oauth@https://registry.npmjs.org/oauth/-/oauth-0.10.2.tgz. Extracting by manifest.
56 silly tarball no local data for base64url@https://registry.npmjs.org/base64url/-/base64url-3.0.1.tgz. Extracting by manifest.
57 silly tarball no local data for passport-oauth2@https://registry.npmjs.org/passport-oauth2/-/passport-oauth2-1.8.0.tgz. Extracting by manifest.
58 silly tarball no local data for passport-google-oauth20@https://registry.npmjs.org/passport-google-oauth20/-/passport-google-oauth20-2.0.0.tgz. Extracting by manifest.
59 silly tarball no local data for uid2@https://registry.npmjs.org/uid2/-/uid2-0.0.4.tgz. Extracting by manifest.
60 http fetch GET 200 https://registry.npmjs.org/cloudinary 770ms (cache stale)
61 silly packumentCache corgi:https://registry.npmjs.org/cloudinary set size:156999 disposed:false
62 http fetch GET 200 https://registry.npmjs.org/minimatch 825ms (cache stale)
63 silly packumentCache corgi:https://registry.npmjs.org/minimatch set size:167610 disposed:false
64 http fetch GET 200 https://registry.npmjs.org/qs 879ms (cache stale)
65 silly packumentCache corgi:https://registry.npmjs.org/qs set size:143799 disposed:false
66 silly packumentCache corgi:https://registry.npmjs.org/multer-storage-cloudinary cache-miss
67 http fetch GET 200 https://registry.npmjs.org/multer-storage-cloudinary 1920ms (cache stale)
68 silly packumentCache corgi:https://registry.npmjs.org/multer-storage-cloudinary set size:7760 disposed:false
69 silly packumentCache corgi:https://registry.npmjs.org/nodemon cache-miss
70 http fetch GET 200 https://registry.npmjs.org/base64url/-/base64url-3.0.1.tgz 3034ms (cache miss)
71 http fetch GET 200 https://registry.npmjs.org/nodemon 468ms (cache stale)
72 silly packumentCache corgi:https://registry.npmjs.org/nodemon set size:282567 disposed:false
73 silly packumentCache corgi:https://registry.npmjs.org/body-parser cache-miss
74 silly packumentCache corgi:https://registry.npmjs.org/express cache-miss
75 http fetch GET 200 https://registry.npmjs.org/oauth/-/oauth-0.10.2.tgz 3826ms (cache miss)
76 http fetch GET 200 https://registry.npmjs.org/body-parser 479ms (cache stale)
77 silly packumentCache corgi:https://registry.npmjs.org/body-parser set size:77795 disposed:false
78 http fetch GET 200 https://registry.npmjs.org/express 509ms (cache stale)
79 silly packumentCache corgi:https://registry.npmjs.org/express set size:337735 disposed:false
80 http fetch GET 200 https://registry.npmjs.org/passport-oauth2/-/passport-oauth2-1.8.0.tgz 5710ms (cache miss)
81 http fetch GET 200 https://registry.npmjs.org/uid2/-/uid2-0.0.4.tgz 51265ms (cache miss)
82 http fetch GET 200 https://registry.npmjs.org/passport-google-oauth20/-/passport-google-oauth20-2.0.0.tgz 53759ms (cache miss)
83 silly ADD node_modules/uid2
84 silly ADD node_modules/oauth
85 silly ADD node_modules/base64url
86 silly ADD node_modules/passport-oauth2
87 silly ADD node_modules/passport-google-oauth20
88 silly ADD
89 verbose cwd C:\Users\HomePC\Desktop\perfume backend
90 verbose os Windows_NT 10.0.19045
91 verbose node v22.19.0
92 verbose npm  v10.9.3
93 verbose exit 0
94 info ok
