0 verbose cli C:\Program Files\nodejs\node.exe C:\Program Files\nodejs\node_modules\npm\bin\npm-cli.js
1 info using npm@10.9.3
2 info using node@v22.19.0
3 silly config load:file:C:\Program Files\nodejs\node_modules\npm\npmrc
4 silly config load:file:c:\Users\HomePC\Desktop\perfume backend\.npmrc
5 silly config load:file:C:\Users\HomePC\.npmrc
6 silly config load:file:C:\Users\HomePC\AppData\Roaming\npm\etc\npmrc
7 verbose title npm view bcryptjs description dist-tags.latest homepage version time
8 verbose argv "view" "--json" "--" "bcryptjs" "description" "dist-tags.latest" "homepage" "version" "time"
9 verbose logfile logs-max:10 dir:c:\Users\HomePC\Desktop\perfume backend\verify\_logs\2026-02-28T10_28_43_966Z-
10 verbose logfile c:\Users\HomePC\Desktop\perfume backend\verify\_logs\2026-02-28T10_28_43_966Z-debug-0.log
11 silly logfile start cleaning logs, removing 1 files
12 silly logfile done cleaning log files
13 http fetch GET 200 https://registry.npmjs.org/bcryptjs 1352ms (cache stale)
14 verbose cwd c:\Users\HomePC\Desktop\perfume backend
15 verbose os Windows_NT 10.0.19045
16 verbose node v22.19.0
17 verbose npm  v10.9.3
18 verbose exit 0
19 info ok
